0 silly argv { _: [ 'version' ], lernaVersion: '3.19.0', '$0': 'lerna' }
1 notice cli v3.19.0
2 verbose rootPath /Users/study/learn-lerna
3 info current version 0.0.0
4 silly isAnythingCommitted
5 verbose isAnythingCommitted 1
6 silly currentBranch
7 verbose currentBranch master
8 silly remoteBranchExists
9 silly isBehindUpstream
10 silly isBehindUpstream master is behind origin/master by 0 commit(s) and ahead by 0
11 silly hasTags
12 verbose hasTags false
13 info Assuming all packages changed
14 verbose updated retext-dutch
15 verbose updated retext-english
16 verbose updated retext-latin
17 verbose updated retext-stringify
18 verbose updated retext
19 verbose git-describe undefined => "910c61f"
20 silly git-describe parsed => {"refCount":"1","sha":"910c61f","isDirty":false}
21 info execute Skipping releases
22 silly lifecycle No script for "preversion" in "root", continuing
23 silly lifecycle No script for "preversion" in "retext-dutch", continuing
24 silly lifecycle No script for "preversion" in "retext-english", continuing
25 silly lifecycle No script for "preversion" in "retext-latin", continuing
26 silly lifecycle No script for "preversion" in "retext-stringify", continuing
27 silly lifecycle No script for "preversion" in "retext", continuing
28 silly lifecycle No script for "version" in "retext-latin", continuing
29 silly lifecycle No script for "version" in "retext-dutch", continuing
30 silly lifecycle No script for "version" in "retext-english", continuing
31 silly lifecycle No script for "version" in "retext-stringify", continuing
32 silly lifecycle No script for "version" in "retext", continuing
33 silly lifecycle No script for "version" in "root", continuing
34 silly gitAdd [ '/Users/study/learn-lerna/packages/retext-latin/package.json',
34 silly gitAdd   '/Users/study/learn-lerna/packages/retext-dutch/package.json',
34 silly gitAdd   '/Users/study/learn-lerna/packages/retext-english/package.json',
34 silly gitAdd   '/Users/study/learn-lerna/packages/retext-stringify/package.json',
34 silly gitAdd   '/Users/study/learn-lerna/packages/retext/package.json',
34 silly gitAdd   '/Users/study/learn-lerna/lerna.json' ]
35 silly gitCommit v0.0.1
36 verbose git [ 'commit', '-m', 'v0.0.1' ]
37 silly gitTag v0.0.1
38 verbose git [ 'tag', 'v0.0.1', '-m', 'v0.0.1' ]
39 silly lifecycle No script for "postversion" in "retext-dutch", continuing
40 silly lifecycle No script for "postversion" in "retext-english", continuing
41 silly lifecycle No script for "postversion" in "retext-latin", continuing
42 silly lifecycle No script for "postversion" in "retext-stringify", continuing
43 silly lifecycle No script for "postversion" in "retext", continuing
44 silly lifecycle No script for "postversion" in "root", continuing
45 info git Pushing tags...
46 silly gitPush origin master
47 error Error: Command failed: git push --follow-tags --no-verify origin master
47 error remote: Invalid username or password.
47 error fatal: Authentication failed for 'https://github.com/17biubiu/learn-lerna.git/'
47 error
47 error     at makeError (/Users/study/learn-lerna/node_modules/execa/index.js:174:9)
47 error     at Promise.all.then.arr (/Users/study/learn-lerna/node_modules/execa/index.js:278:16)
47 error     at <anonymous>
